hive> SET hive.execution.engine=mr;
hive> EXPLAIN SELECT 
    >     users.id, 
    >     users.name, 
    >     phones.phone_number, 
    >     rooms.room_number,
    >     oc.cnt
    > FROM 
    >     users 
    >     JOIN phones ON users.id = phones.user_id 
    >     JOIN rooms ON phones.id = rooms.phone_id
    >     JOIN (SELECT phone_number, COUNT(*) AS cnt FROM phones GROUP BY phone_ number) oc ON oc.phone_number = phones.phone_number
    > ORDER BY 
    >     users.name;
STAGE DEPENDENCIES:
  Stage-1 is a root stage
  Stage-10 depends on stages: Stage-1, Stage-11 , consists of Stage-13, Stage-14, Stage-2
  Stage-13 has a backup stage: Stage-2
  Stage-8 depends on stages: Stage-13
  Stage-3 depends on stages: Stage-2, Stage-8, Stage-9
  Stage-14 has a backup stage: Stage-2
  Stage-9 depends on stages: Stage-14
  Stage-2
  Stage-15 is a root stage
  Stage-11 depends on stages: Stage-15
  Stage-0 depends on stages: Stage-3

STAGE PLANS:
  Stage: Stage-1
    Map Reduce
      Map Operator Tree:
          TableScan
            alias: phones
            Statistics: Num rows: 8 Data size: 32 Basic stats: COMPLETE Column stats: NONE
            Filter Operator
              predicate: phone_number is not null (type: boolean)
              Statistics: Num rows: 4 Data size: 16 Basic stats: COMPLETE Column stats: NONE
              Group By Operator
                aggregations: count()
                keys: phone_number (type: int)
                mode: hash
                outputColumnNames: _col0, _col1
                Statistics: Num rows: 4 Data size: 16 Basic stats: COMPLETE Column stats: NONE
                Reduce Output Operator
                  key expressions: _col0 (type: int)
                  sort order: +
                  Map-reduce partition columns: _col0 (type: int)
                  Statistics: Num rows: 4 Data size: 16 Basic stats: COMPLETE Column stats: NONE
                  value expressions: _col1 (type: bigint)
      Reduce Operator Tree:
        Group By Operator
          aggregations: count(VALUE._col0)
          keys: KEY._col0 (type: int)
          mode: mergepartial
          outputColumnNames: _col0, _col1
          Statistics: Num rows: 2 Data size: 8 Basic stats: COMPLETE Column stats: NONE
          File Output Operator
            compressed: false
            table:
                input format: org.apache.hadoop.mapred.SequenceFileInputFormat
                output format: org.apache.hadoop.hive.ql.io.HiveSequenceFileOutputFormat
                serde: org.apache.hadoop.hive.serde2.lazybinary.LazyBinarySerDe

  Stage: Stage-10
    Conditional Operator

  Stage: Stage-13
    Map Reduce Local Work
      Alias -> Map Local Tables:
        $INTNAME 
          Fetch Operator
            limit: -1
      Alias -> Map Local Operator Tree:
        $INTNAME 
          TableScan
            HashTable Sink Operator
              keys:
                0 _col7 (type: int)
                1 _col0 (type: int)

  Stage: Stage-8
    Map Reduce
      Map Operator Tree:
          TableScan
            Map Join Operator
              condition map:
                   Inner Join 0 to 1
              keys:
                0 _col7 (type: int)
                1 _col0 (type: int)
              outputColumnNames: _col0, _col1, _col7, _col13, _col18
              Statistics: Num rows: 2 Data size: 20 Basic stats: COMPLETE Column stats: NONE
              Select Operator
                expressions: _col0 (type: int), _col1 (type: string), _col7 (type: int), _col13 (type: int), _col18 (type: bigint)
                outputColumnNames: _col0, _col1, _col2, _col3, _col4
                Statistics: Num rows: 2 Data size: 20 Basic stats: COMPLETE Column stats: NONE
                File Output Operator
                  compressed: false
                  table:
                      input format: org.apache.hadoop.mapred.SequenceFileInputFormat
                      output format: org.apache.hadoop.hive.ql.io.HiveSequenceFileOutputFormat
                      serde: org.apache.hadoop.hive.serde2.lazybinary.LazyBinarySerDe
      Local Work:
        Map Reduce Local Work

  Stage: Stage-3
    Map Reduce
      Map Operator Tree:
          TableScan
            Reduce Output Operator
              key expressions: _col1 (type: string)
              sort order: +
              Statistics: Num rows: 2 Data size: 20 Basic stats: COMPLETE Column stats: NONE
              value expressions: _col0 (type: int), _col2 (type: int), _col3 (type: int), _col4 (type: bigint)
      Reduce Operator Tree:
        Select Operator
          expressions: VALUE._col0 (type: int), KEY.reducesinkkey0 (type: string), VALUE._col1 (type: int), VALUE._col2 (type: int), VALUE._col3 (type: bigint)
          outputColumnNames: _col0, _col1, _col2, _col3, _col4
          Statistics: Num rows: 2 Data size: 20 Basic stats: COMPLETE Column stats: NONE
          File Output Operator
            compressed: false
            Statistics: Num rows: 2 Data size: 20 Basic stats: COMPLETE Column stats: NONE
            table:
                input format: org.apache.hadoop.mapred.TextInputFormat
                output format: org.apache.hadoop.hive.ql.io.HiveIgnoreKeyTextOutputFormat
                serde: org.apache.hadoop.hive.serde2.lazy.LazySimpleSerDe

  Stage: Stage-14
    Map Reduce Local Work
      Alias -> Map Local Tables:
        $INTNAME1 
          Fetch Operator
            limit: -1
      Alias -> Map Local Operator Tree:
        $INTNAME1 
          TableScan
            HashTable Sink Operator
              keys:
                0 _col7 (type: int)
                1 _col0 (type: int)

  Stage: Stage-9
    Map Reduce
      Map Operator Tree:
          TableScan
            Map Join Operator
              condition map:
                   Inner Join 0 to 1
              keys:
                0 _col7 (type: int)
                1 _col0 (type: int)
              outputColumnNames: _col0, _col1, _col7, _col13, _col18
              Statistics: Num rows: 2 Data size: 20 Basic stats: COMPLETE Column stats: NONE
              Select Operator
                expressions: _col0 (type: int), _col1 (type: string), _col7 (type: int), _col13 (type: int), _col18 (type: bigint)
                outputColumnNames: _col0, _col1, _col2, _col3, _col4
                Statistics: Num rows: 2 Data size: 20 Basic stats: COMPLETE Column stats: NONE
                File Output Operator
                  compressed: false
                  table:
                      input format: org.apache.hadoop.mapred.SequenceFileInputFormat
                      output format: org.apache.hadoop.hive.ql.io.HiveSequenceFileOutputFormat
                      serde: org.apache.hadoop.hive.serde2.lazybinary.LazyBinarySerDe
      Local Work:
        Map Reduce Local Work

  Stage: Stage-2
    Map Reduce
      Map Operator Tree:
          TableScan
            Reduce Output Operator
              key expressions: _col0 (type: int)
              sort order: +
              Map-reduce partition columns: _col0 (type: int)
              Statistics: Num rows: 2 Data size: 8 Basic stats: COMPLETE Column stats: NONE
              value expressions: _col1 (type: bigint)
          TableScan
            Reduce Output Operator
              key expressions: _col7 (type: int)
              sort order: +
              Map-reduce partition columns: _col7 (type: int)
              Statistics: Num rows: 2 Data size: 19 Basic stats: COMPLETE Column stats: NONE
              value expressions: _col0 (type: int), _col1 (type: string), _col13 (type: int)
      Reduce Operator Tree:
        Join Operator
          condition map:
               Inner Join 0 to 1
          keys:
            0 _col7 (type: int)
            1 _col0 (type: int)
          outputColumnNames: _col0, _col1, _col7, _col13, _col18
          Statistics: Num rows: 2 Data size: 20 Basic stats: COMPLETE Column stats: NONE
          Select Operator
            expressions: _col0 (type: int), _col1 (type: string), _col7 (type: int), _col13 (type: int), _col18 (type: bigint)
            outputColumnNames: _col0, _col1, _col2, _col3, _col4
            Statistics: Num rows: 2 Data size: 20 Basic stats: COMPLETE Column stats: NONE
            File Output Operator
              compressed: false
              table:
                  input format: org.apache.hadoop.mapred.SequenceFileInputFormat
                  output format: org.apache.hadoop.hive.ql.io.HiveSequenceFileOutputFormat
                  serde: org.apache.hadoop.hive.serde2.lazybinary.LazyBinarySerDe

  Stage: Stage-15
    Map Reduce Local Work
      Alias -> Map Local Tables:
        rooms 
          Fetch Operator
            limit: -1
        users 
          Fetch Operator
            limit: -1
      Alias -> Map Local Operator Tree:
        rooms 
          TableScan
            alias: rooms
            Statistics: Num rows: 3 Data size: 28 Basic stats: COMPLETE Column stats: NONE
            Filter Operator
              predicate: phone_id is not null (type: boolean)
              Statistics: Num rows: 2 Data size: 18 Basic stats: COMPLETE Column stats: NONE
              HashTable Sink Operator
                keys:
                  0 _col5 (type: int)
                  1 phone_id (type: int)
        users 
          TableScan
            alias: users
            Statistics: Num rows: 1 Data size: 24 Basic stats: COMPLETE Column stats: NONE
            Filter Operator
              predicate: id is not null (type: boolean)
              Statistics: Num rows: 1 Data size: 24 Basic stats: COMPLETE Column stats: NONE
              HashTable Sink Operator
                keys:
                  0 id (type: int)
                  1 user_id (type: int)

  Stage: Stage-11
    Map Reduce
      Map Operator Tree:
          TableScan
            alias: phones
            Statistics: Num rows: 2 Data size: 32 Basic stats: COMPLETE Column stats: NONE
            Filter Operator
              predicate: ((user_id is not null and id is not null) and phone_number is not null) (type: boolean)
              Statistics: Num rows: 1 Data size: 16 Basic stats: COMPLETE Column stats: NONE
              Map Join Operator
                condition map:
                     Inner Join 0 to 1
                keys:
                  0 id (type: int)
                  1 user_id (type: int)
                outputColumnNames: _col0, _col1, _col5, _col7
                Statistics: Num rows: 1 Data size: 26 Basic stats: COMPLETE Column stats: NONE
                Map Join Operator
                  condition map:
                       Inner Join 0 to 1
                  keys:
                    0 _col5 (type: int)
                    1 phone_id (type: int)
                  outputColumnNames: _col0, _col1, _col7, _col13
                  Statistics: Num rows: 2 Data size: 19 Basic stats: COMPLETE Column stats: NONE
                  File Output Operator
                    compressed: false
                    table:
                        input format: org.apache.hadoop.mapred.SequenceFileInputFormat
                        output format: org.apache.hadoop.hive.ql.io.HiveSequenceFileOutputFormat
                        serde: org.apache.hadoop.hive.serde2.lazybinary.LazyBinarySerDe
      Local Work:
        Map Reduce Local Work

  Stage: Stage-0
    Fetch Operator
      limit: -1
      Processor Tree:
        ListSink

hive> 
    > 
    > 